f:\coffer\剑指offer\剑指offer\debug\vc140.pdb
f:\coffer\剑指offer\剑指offer\debug\vc140.idb
f:\coffer\剑指offer\剑指offer\debug\面试题20.obj
f:\coffer\剑指offer\剑指offer\debug\面试题22.obj
f:\coffer\剑指offer\剑指offer\debug\面试题28.obj
f:\coffer\剑指offer\剑指offer\debug\面试题29.obj
f:\coffer\剑指offer\剑指offer\debug\面试题30.obj
f:\coffer\剑指offer\剑指offer\debug\面试题32.obj
f:\coffer\剑指offer\剑指offer\debug\面试题33.obj
f:\coffer\剑指offer\剑指offer\debug\面试题34.obj
f:\coffer\剑指offer\剑指offer\debug\面试题35.obj
f:\coffer\剑指offer\剑指offer\debug\面试题36.obj
f:\coffer\剑指offer\剑指offer\debug\面试题38.obj
f:\coffer\剑指offer\剑指offer\debug\面试题40.obj
f:\coffer\剑指offer\剑指offer\debug\面试题41.obj
f:\coffer\剑指offer\剑指offer\debug\面试题42.obj
f:\coffer\剑指offer\剑指offer\debug\面试题43.obj
f:\coffer\剑指offer\剑指offer\debug\面试题44.obj
f:\coffer\剑指offer\剑指offer\debug\面试题一.obj
f:\coffer\剑指offer\剑指offer\debug\面试题九.obj
f:\coffer\剑指offer\剑指offer\debug\面试题六.obj
f:\coffer\剑指offer\剑指offer\debug\面试题四.obj
f:\coffer\剑指offer\剑指offer\debug\test.obj
f:\coffer\剑指offer\剑指offer\debug\二叉搜索树相关题目.obj
f:\coffer\剑指offer\剑指offer\debug\二叉树相关面试题_非查找树.obj
f:\coffer\剑指offer\剑指offer\debug\单链表相关面试题.obj
f:\coffer\剑指offer\剑指offer\debug\面试题14.obj
f:\coffer\剑指offer\剑指offer\debug\面试题10.obj
f:\coffer\剑指offer\剑指offer\debug\面试题11.obj
f:\coffer\剑指offer\剑指offer\debug\面试题12.obj
f:\coffer\剑指offer\剑指offer\debug\面试题46.obj
f:\coffer\剑指offer\剑指offer\debug\面试题47.obj
f:\coffer\剑指offer\剑指offer\debug\面试题50.obj
f:\coffer\剑指offer\debug\剑指offer.pdb
f:\coffer\剑指offer\debug\剑指offer.exe
f:\coffer\剑指offer\debug\剑指offer.ilk
f:\coffer\剑指offer\剑指offer\debug\剑指offer.tlog\cl.command.1.tlog
f:\coffer\剑指offer\剑指offer\debug\剑指offer.tlog\cl.read.1.tlog
f:\coffer\剑指offer\剑指offer\debug\剑指offer.tlog\cl.write.1.tlog
f:\coffer\剑指offer\剑指offer\debug\剑指offer.tlog\link.command.1.tlog
f:\coffer\剑指offer\剑指offer\debug\剑指offer.tlog\link.read.1.tlog
f:\coffer\剑指offer\剑指offer\debug\剑指offer.tlog\link.write.1.tlog
