生成启动时间为 2017-07-19 23:49:28。
     1>项目“F:\COffer\剑指offer\剑指offer\剑指offer.vcxproj”在节点 2 上(Build 个目标)。
     1>ClCompile:
         D:\VS15\VC\bin\CL.exe /c /ZI /nologo /W3 /WX- /sdl /Od /Oy- /D _CRT_SECURE_NO_WARNINGS /D _UNICODE /D UNICODE /Gm /EHsc /RTC1 /MDd /GS /fp:precise /Zc:wchar_t /Zc:forScope /Zc:inline /Fo"Debug\\" /Fd"Debug\vc140.pdb" /Gd /TP /analyze- /errorReport:prompt "面试题32.cpp"
         面试题32.cpp
       Link:
         D:\VS15\VC\bin\link.exe /ERRORREPORT:PROMPT /OUT:"F:\COffer\剑指offer\Debug\剑指offer.exe" /INCREMENTAL /NOLOGO kernel32.lib user32.lib gdi32.lib winspool.lib comdlg32.lib advapi32.lib shell32.lib ole32.lib oleaut32.lib uuid.lib odbc32.lib odbccp32.lib /MANIFEST /MANIFESTUAC:"level='asInvoker' uiAccess='false'" /manifest:embed /Debug /PDB:"F:\COffer\剑指offer\Debug\剑指offer.pdb" /TLBID:1 /DYNAMICBASE /NXCOMPAT /IMPLIB:"F:\COffer\剑指offer\Debug\剑指offer.lib" /MACHINE:X86 Debug\test.obj
         "Debug\二叉搜索树相关题目.obj"
         "Debug\二叉树相关面试题_非查找树.obj"
         "Debug\单链表相关面试题.obj"
         "Debug\面试题14.obj"
         "Debug\面试题10.obj"
         "Debug\面试题11.obj"
         "Debug\面试题12.obj"
         "Debug\面试题20.obj"
         "Debug\面试题22.obj"
         "Debug\面试题28.obj"
         "Debug\面试题29.obj"
         "Debug\面试题30.obj"
         "Debug\面试题32.obj"
         "Debug\面试题一.obj"
         "Debug\面试题九.obj"
         "Debug\面试题六.obj"
         "Debug\面试题四.obj"
         剑指offer.vcxproj -> F:\COffer\剑指offer\Debug\剑指offer.exe
     1>已完成生成项目“F:\COffer\剑指offer\剑指offer\剑指offer.vcxproj”(Build 个目标)的操作。

已成功生成。

已用时间 00:00:01.02
